{"/home/alvimjp/trybe-aprendizados/1-fund_do_desenv_web/bloco-7-introducao-a-javascript-es6-e-testes-unitarios/dia-3-primeiros-passos-em-jest/script.js": {"path":"/home/alvimjp/trybe-aprendizados/1-fund_do_desenv_web/bloco-7-introducao-a-javascript-es6-e-testes-unitarios/dia-3-primeiros-passos-em-jest/script.js","statementMap":{"0":{"start":{"line":1,"column":12},"end":{"line":1,"column":31}},"1":{"start":{"line":1,"column":24},"end":{"line":1,"column":31}},"2":{"start":{"line":2,"column":16},"end":{"line":2,"column":33}},"3":{"start":{"line":2,"column":28},"end":{"line":2,"column":33}},"4":{"start":{"line":3,"column":20},"end":{"line":12,"column":1}},"5":{"start":{"line":4,"column":2},"end":{"line":6,"column":3}},"6":{"start":{"line":5,"column":4},"end":{"line":5,"column":68}},"7":{"start":{"line":7,"column":18},"end":{"line":7,"column":19}},"8":{"start":{"line":8,"column":2},"end":{"line":10,"column":3}},"9":{"start":{"line":8,"column":18},"end":{"line":8,"column":19}},"10":{"start":{"line":9,"column":4},"end":{"line":9,"column":23}},"11":{"start":{"line":11,"column":2},"end":{"line":11,"column":19}},"12":{"start":{"line":15,"column":0},"end":{"line":15,"column":47}}},"fnMap":{"0":{"name":"(anonymous_0)","decl":{"start":{"line":1,"column":12},"end":{"line":1,"column":13}},"loc":{"start":{"line":1,"column":24},"end":{"line":1,"column":31}},"line":1},"1":{"name":"(anonymous_1)","decl":{"start":{"line":2,"column":16},"end":{"line":2,"column":17}},"loc":{"start":{"line":2,"column":28},"end":{"line":2,"column":33}},"line":2},"2":{"name":"(anonymous_2)","decl":{"start":{"line":3,"column":20},"end":{"line":3,"column":21}},"loc":{"start":{"line":3,"column":32},"end":{"line":12,"column":1}},"line":3}},"branchMap":{"0":{"loc":{"start":{"line":4,"column":2},"end":{"line":6,"column":3}},"type":"if","locations":[{"start":{"line":4,"column":2},"end":{"line":6,"column":3}},{"start":{},"end":{}}],"line":4}},"s":{"0":1,"1":3,"2":1,"3":0,"4":1,"5":5,"6":1,"7":4,"8":4,"9":4,"10":23,"11":4,"12":1},"f":{"0":3,"1":0,"2":5},"b":{"0":[1,4]},"_coverageSchema":"1a1c01bbd47fc00a2c39e90264f33305004495a9","hash":"c24b495f631041d65216dda386da59cd73aef9fc"}
}
